<?xml version="1.0" encoding="UTF-8"?>
<testsuite name="DependencyAlwaysRunTest" time="0.014" tests="4" errors="0" skipped="1" failures="1">
  <properties>
[...]
</properties>
  <testcase name="startCar" classname="DependencyAlwaysRunTest" time="0.006"/>
  <testcase name="driveCar" classname="DependencyAlwaysRunTest" time="0.008">
    <failure type="java.lang.AssertionError:">java.lang.AssertionError: null
	at org.testng.Assert.fail(Assert.java:99)
	at org.testng.Assert.fail(Assert.java:106)
	at DependencyAlwaysRunTest.driveCar(DependencyAlwaysRunTest.java:16)
</failure>
    <system-out><![CDATA[drive car
]]></system-out>
  </testcase>
  <testcase name="stopCar" classname="DependencyAlwaysRunTest" time="0">
    <skipped/>
  </testcase>
  <testcase name="parkCar" classname="DependencyAlwaysRunTest" time="0"/>
</testsuite>